  list.cpp
C:\Users\Abelis\Desktop\VS Projects\Snakes and Ladders\list.cpp(28,16): warning C4244: '=': conversion from 'int' to 'float', possible loss of data
C:\Users\Abelis\Desktop\VS Projects\Snakes and Ladders\list.cpp(29,16): warning C4244: '=': conversion from 'int' to 'float', possible loss of data
C:\Users\Abelis\Desktop\VS Projects\Snakes and Ladders\list.cpp(39,16): warning C4244: '=': conversion from 'int' to 'float', possible loss of data
C:\Users\Abelis\Desktop\VS Projects\Snakes and Ladders\list.cpp(40,16): warning C4244: '=': conversion from 'int' to 'float', possible loss of data
C:\Users\Abelis\Desktop\VS Projects\Snakes and Ladders\list.cpp(253,12): warning C4244: 'argument': conversion from 'time_t' to 'unsigned int', possible loss of data
C:\Users\Abelis\Desktop\VS Projects\Snakes and Ladders\list.cpp(317,13): warning C4244: '=': conversion from 'double' to 'int', possible loss of data
C:\Users\Abelis\Desktop\VS Projects\Snakes and Ladders\list.cpp(319,19): warning C4244: '=': conversion from 'float' to 'unsigned int', possible loss of data
C:\Users\Abelis\Desktop\VS Projects\Snakes and Ladders\list.cpp(324,8): warning C4244: 'initializing': conversion from 'float' to 'int', possible loss of data
C:\Users\Abelis\Desktop\VS Projects\Snakes and Ladders\list.cpp(331,11): warning C4244: '=': conversion from 'int' to 'float', possible loss of data
C:\Users\Abelis\Desktop\VS Projects\Snakes and Ladders\list.cpp(332,11): warning C4244: '=': conversion from 'int' to 'float', possible loss of data
C:\Users\Abelis\Desktop\VS Projects\Snakes and Ladders\list.cpp(333,9): warning C4244: '=': conversion from 'float' to 'int', possible loss of data
C:\Users\Abelis\Desktop\VS Projects\Snakes and Ladders\list.cpp(334,9): warning C4018: '>=': signed/unsigned mismatch
C:\Users\Abelis\Desktop\VS Projects\Snakes and Ladders\list.cpp(337,25): warning C4244: '+=': conversion from 'float' to 'int', possible loss of data
C:\Users\Abelis\Desktop\VS Projects\Snakes and Ladders\list.cpp(338,19): warning C4244: '-=': conversion from 'float' to 'int', possible loss of data
C:\Users\Abelis\Desktop\VS Projects\Snakes and Ladders\list.cpp(378,27): warning C4244: '=': conversion from 'float' to 'int', possible loss of data
C:\Users\Abelis\Desktop\VS Projects\Snakes and Ladders\list.cpp(379,28): warning C4244: '=': conversion from 'float' to 'int', possible loss of data
C:\Users\Abelis\Desktop\VS Projects\Snakes and Ladders\list.cpp(383,34): warning C4244: 'argument': conversion from 'int' to 'float', possible loss of data
C:\Users\Abelis\Desktop\VS Projects\Snakes and Ladders\list.cpp(383,23): warning C4244: 'argument': conversion from 'int' to 'float', possible loss of data
C:\Users\Abelis\Desktop\VS Projects\Snakes and Ladders\list.cpp(392,53): warning C4244: '-=': conversion from 'float' to 'int', possible loss of data
C:\Users\Abelis\Desktop\VS Projects\Snakes and Ladders\list.cpp(393,32): warning C4244: '+=': conversion from 'float' to 'int', possible loss of data
C:\Users\Abelis\Desktop\VS Projects\Snakes and Ladders\list.cpp(394,61): warning C4244: '-=': conversion from 'float' to 'int', possible loss of data
C:\Users\Abelis\Desktop\VS Projects\Snakes and Ladders\list.cpp(396,53): warning C4244: '+=': conversion from 'float' to 'int', possible loss of data
C:\Users\Abelis\Desktop\VS Projects\Snakes and Ladders\list.cpp(581,15): warning C4244: '=': conversion from 'double' to 'int', possible loss of data
C:\Users\Abelis\Desktop\VS Projects\Snakes and Ladders\list.cpp(583,21): warning C4244: '=': conversion from 'float' to 'unsigned int', possible loss of data
C:\Users\Abelis\Desktop\VS Projects\Snakes and Ladders\list.cpp(584,20): warning C4244: '=': conversion from 'float' to 'unsigned int', possible loss of data
C:\Users\Abelis\Desktop\VS Projects\Snakes and Ladders\list.cpp(588,10): warning C4244: 'initializing': conversion from 'float' to 'int', possible loss of data
C:\Users\Abelis\Desktop\VS Projects\Snakes and Ladders\list.cpp(595,11): warning C4244: '=': conversion from 'float' to 'int', possible loss of data
C:\Users\Abelis\Desktop\VS Projects\Snakes and Ladders\list.cpp(596,11): warning C4018: '>=': signed/unsigned mismatch
C:\Users\Abelis\Desktop\VS Projects\Snakes and Ladders\list.cpp(599,27): warning C4244: '+=': conversion from 'float' to 'int', possible loss of data
C:\Users\Abelis\Desktop\VS Projects\Snakes and Ladders\list.cpp(600,21): warning C4244: '-=': conversion from 'float' to 'int', possible loss of data
  Snakes and Ladders.vcxproj -> C:\Users\Abelis\Desktop\VS Projects\Snakes and Ladders\Debug\Snakes and Ladders.exe
